Determining if the pthread_create exist failed with the following output:
Change Dir: /home/nels8279/Dev/PointCloudPrep/centerZ/build/CMakeFiles/CMakeTmp

Run Build Command:"/usr/bin/make" "cmTC_8c210/fast"
/usr/bin/make -f CMakeFiles/cmTC_8c210.dir/build.make CMakeFiles/cmTC_8c210.dir/build
make[1]: Entering directory '/media/storage/nels8279/Dev/PointCloudPrep/centerZ/build/CMakeFiles/CMakeTmp'
Building C object CMakeFiles/cmTC_8c210.dir/CheckSymbolExists.c.o
/usr/bin/cc    -o CMakeFiles/cmTC_8c210.dir/CheckSymbolExists.c.o   -c /home/nels8279/Dev/PointCloudPrep/centerZ/build/CMakeFiles/CMakeTmp/CheckSymbolExists.c
Linking C executable cmTC_8c210
/usr/bin/cmake -E cmake_link_script CMakeFiles/cmTC_8c210.dir/link.txt --verbose=1
/usr/bin/cc      -rdynamic CMakeFiles/cmTC_8c210.dir/CheckSymbolExists.c.o  -o cmTC_8c210 
CMakeFiles/cmTC_8c210.dir/CheckSymbolExists.c.o: In function `main':
CheckSymbolExists.c:(.text+0x1b): undefined reference to `pthread_create'
collect2: error: ld returned 1 exit status
CMakeFiles/cmTC_8c210.dir/build.make:97: recipe for target 'cmTC_8c210' failed
make[1]: *** [cmTC_8c210] Error 1
make[1]: Leaving directory '/media/storage/nels8279/Dev/PointCloudPrep/centerZ/build/CMakeFiles/CMakeTmp'
Makefile:126: recipe for target 'cmTC_8c210/fast' failed
make: *** [cmTC_8c210/fast] Error 2

File /home/nels8279/Dev/PointCloudPrep/centerZ/build/CMakeFiles/CMakeTmp/CheckSymbolExists.c:
/* */
#include <pthread.h>

int main(int argc, char** argv)
{
  (void)argv;
#ifndef pthread_create
  return ((int*)(&pthread_create))[argc];
#else
  (void)argc;
  return 0;
#endif
}

Determining if the function pthread_create exists in the pthreads failed with the following output:
Change Dir: /home/nels8279/Dev/PointCloudPrep/centerZ/build/CMakeFiles/CMakeTmp

Run Build Command:"/usr/bin/make" "cmTC_ed5c4/fast"
/usr/bin/make -f CMakeFiles/cmTC_ed5c4.dir/build.make CMakeFiles/cmTC_ed5c4.dir/build
make[1]: Entering directory '/media/storage/nels8279/Dev/PointCloudPrep/centerZ/build/CMakeFiles/CMakeTmp'
Building C object CMakeFiles/cmTC_ed5c4.dir/CheckFunctionExists.c.o
/usr/bin/cc   -DCHECK_FUNCTION_EXISTS=pthread_create   -o CMakeFiles/cmTC_ed5c4.dir/CheckFunctionExists.c.o   -c /usr/share/cmake-3.10/Modules/CheckFunctionExists.c
Linking C executable cmTC_ed5c4
/usr/bin/cmake -E cmake_link_script CMakeFiles/cmTC_ed5c4.dir/link.txt --verbose=1
/usr/bin/cc  -DCHECK_FUNCTION_EXISTS=pthread_create    -rdynamic CMakeFiles/cmTC_ed5c4.dir/CheckFunctionExists.c.o  -o cmTC_ed5c4 -lpthreads 
/usr/bin/ld: cannot find -lpthreads
collect2: error: ld returned 1 exit status
CMakeFiles/cmTC_ed5c4.dir/build.make:97: recipe for target 'cmTC_ed5c4' failed
make[1]: *** [cmTC_ed5c4] Error 1
make[1]: Leaving directory '/media/storage/nels8279/Dev/PointCloudPrep/centerZ/build/CMakeFiles/CMakeTmp'
Makefile:126: recipe for target 'cmTC_ed5c4/fast' failed
make: *** [cmTC_ed5c4/fast] Error 2


